[debug] [2023-06-13T16:21:56.404Z] ----------------------------------------------------------------------
[debug] [2023-06-13T16:21:56.411Z] Command:       C:\Program Files\nodejs\node.exe C:\Users\lenovo\AppData\Roaming\npm\node_modules\firebase-tools\lib\bin\firebase.js init
[debug] [2023-06-13T16:21:56.412Z] CLI Version:   12.1.0
[debug] [2023-06-13T16:21:56.413Z] Platform:      win32
[debug] [2023-06-13T16:21:56.414Z] Node Version:  v19.5.0
[debug] [2023-06-13T16:21:56.414Z] Time:          Tue Jun 13 2023 21:51:56 GMT+0530 (India Standard Time)
[debug] [2023-06-13T16:21:56.414Z] ----------------------------------------------------------------------
[debug] 
[debug] [2023-06-13T16:21:56.427Z] >>> [apiv2][query] GET https://firebase-public.firebaseio.com/cli.json [none]
[debug] [2023-06-13T16:21:56.758Z] > command requires scopes: ["email","openid","https://www.googleapis.com/auth/cloudplatformprojects.readonly","https://www.googleapis.com/auth/firebase","https://www.googleapis.com/auth/cloud-platform"]
[debug] [2023-06-13T16:21:56.759Z] > authorizing via signed-in user (manavpatel232002@gmail.com)
[info] 
     ######## #### ########  ######## ########     ###     ######  ########
     ##        ##  ##     ## ##       ##     ##  ##   ##  ##       ##
     ######    ##  ########  ######   ########  #########  ######  ######
     ##        ##  ##    ##  ##       ##     ## ##     ##       ## ##
     ##       #### ##     ## ######## ########  ##     ##  ######  ########

You're about to initialize a Firebase project in this directory:

  C:\Users\lenovo\OneDrive\Desktop\New folder (2)\ISKCON

Before we get started, keep in mind:

  * You are initializing within an existing Firebase project directory

[debug] [2023-06-13T16:21:57.513Z] <<< [apiv2][status] GET https://firebase-public.firebaseio.com/cli.json 200
[debug] [2023-06-13T16:21:57.514Z] <<< [apiv2][body] GET https://firebase-public.firebaseio.com/cli.json {"cloudBuildErrorAfter":1594252800000,"cloudBuildWarnAfter":1590019200000,"defaultNode10After":1594252800000,"minVersion":"3.0.5","node8DeploysDisabledAfter":1613390400000,"node8RuntimeDisabledAfter":1615809600000,"node8WarnAfter":1600128000000}
[info] 
=== Project Setup
[info] 
[info] First, let's associate this project directory with a Firebase project.
[info] You can create multiple project aliases by running firebase use --add, 
[info] but for now we'll just set up a default project.
[info] 
[debug] [2023-06-13T16:22:01.939Z] Using project from CLI flag: iskcon-a4720
[debug] [2023-06-13T16:22:01.940Z] > refreshing access token with scopes: []
[debug] [2023-06-13T16:22:01.942Z] >>> [apiv2][query] POST https://www.googleapis.com/oauth2/v3/token [none]
[debug] [2023-06-13T16:22:01.943Z] >>> [apiv2][body] POST https://www.googleapis.com/oauth2/v3/token [omitted]
[debug] [2023-06-13T16:22:02.217Z] <<< [apiv2][status] POST https://www.googleapis.com/oauth2/v3/token 200
[debug] [2023-06-13T16:22:02.218Z] <<< [apiv2][body] POST https://www.googleapis.com/oauth2/v3/token [omitted]
[debug] [2023-06-13T16:22:02.245Z] >>> [apiv2][query] GET https://firebase.googleapis.com/v1beta1/projects/iskcon-a4720 [none]
[debug] [2023-06-13T16:22:02.835Z] <<< [apiv2][status] GET https://firebase.googleapis.com/v1beta1/projects/iskcon-a4720 200
[debug] [2023-06-13T16:22:02.835Z] <<< [apiv2][body] GET https://firebase.googleapis.com/v1beta1/projects/iskcon-a4720 {"projectId":"iskcon-a4720","projectNumber":"549331270115","displayName":"ISKCON","name":"projects/iskcon-a4720","resources":{"hostingSite":"iskcon-a4720"},"state":"ACTIVE","etag":"1_b9cdaf9f-07e0-4785-a3ad-f87c57493c95"}
[info] i  Using project iskcon-a4720 (ISKCON) 
[info] 
=== Hosting Setup
[info] 
[info] Your public directory is the folder (relative to your project directory) that
[info] will contain Hosting assets to be uploaded with firebase deploy. If you
[info] have a build process for your assets, use your build's output directory.
[info] 
[debug] [2023-06-13T16:22:12.190Z] >>> [apiv2][query] GET https://www.gstatic.com/firebasejs/releases.json [none]
[debug] [2023-06-13T16:22:12.529Z] <<< [apiv2][status] GET https://www.gstatic.com/firebasejs/releases.json 200
[debug] [2023-06-13T16:22:12.529Z] <<< [apiv2][body] GET https://www.gstatic.com/firebasejs/releases.json {"current":{"version":"9.22.2","browserURL":"https://www.gstatic.com/firebasejs/9.22.2/firebase.js","packageURL":"https://www.gstatic.com/firebasejs/9.22.2/firebase.tgz"},"live":{"version":"9.22","browserURL":"https://www.gstatic.com/firebasejs/live/9.22/firebase.js","packageURL":"https://www.gstatic.com/firebasejs/live/9.22/firebase.tgz"},"components":{"analytics":"https://www.gstatic.com/firebasejs/9.22.2/firebase-analytics.js","app":"https://www.gstatic.com/firebasejs/9.22.2/firebase-app.js","app-check":"https://www.gstatic.com/firebasejs/9.22.2/firebase-app-check.js","auth":"https://www.gstatic.com/firebasejs/9.22.2/firebase-auth.js","auth/cordova":"https://www.gstatic.com/firebasejs/9.22.2/firebase-auth/cordova.js","auth/react-native":"https://www.gstatic.com/firebasejs/9.22.2/firebase-auth/react-native.js","functions":"https://www.gstatic.com/firebasejs/9.22.2/firebase-functions.js","firestore":"https://www.gstatic.com/firebasejs/9.22.2/firebase-firestore.js","firestore/lite":"https://www.gstatic.com/firebasejs/9.22.2/firebase-firestore/lite.js","installations":"https://www.gstatic.com/firebasejs/9.22.2/firebase-installations.js","storage":"https://www.gstatic.com/firebasejs/9.22.2/firebase-storage.js","performance":"https://www.gstatic.com/firebasejs/9.22.2/firebase-performance.js","remote-config":"https://www.gstatic.com/firebasejs/9.22.2/firebase-remote-config.js","messaging":"https://www.gstatic.com/firebasejs/9.22.2/firebase-messaging.js","messaging/sw":"https://www.gstatic.com/firebasejs/9.22.2/firebase-messaging/sw.js","database":"https://www.gstatic.com/firebasejs/9.22.2/firebase-database.js","firestore.memory":"https://www.gstatic.com/firebasejs/9.22.2/firebase-firestore.memory.js"}}
[info] i  Skipping write of build/index.html 
[info] 
[info] i  Writing configuration info to firebase.json... 
[info] i  Writing project information to .firebaserc... 
[info] 
[info] +  Firebase initialization complete! 
[debug] [2023-06-13T16:22:20.194Z] Error: Timed out.
    at Timeout._onTimeout (C:\Users\lenovo\AppData\Roaming\npm\node_modules\firebase-tools\lib\utils.js:253:49)
    at listOnTimeout (node:internal/timers:568:17)
    at process.processTimers (node:internal/timers:511:7)
[error] 
[error] Error: An unexpected error has occurred.
